<?xml version="1.0" encoding="UTF-8"?><testsuite failures="0" name="cucumber.runtime.formatter.JUnitFormatter" skipped="0" tests="1" time="10.929339">
<testcase classname="Spine care test" name="validate spine care login page" time="10.929339">
<system-out><![CDATA[Given user open the browser.................................................passed
Then useron login page......................................................passed
When user enters username and password......................................passed
Then home page is displayed.................................................passed
And close the browser.......................................................passed
]]></system-out>
</testcase>
</testsuite>
